# Logfile created on 2014-07-17 20:00:58 +0800 by logger.rb/44203
D, [2014-07-17T20:01:40.117409 #2355] DEBUG -- : loading mailboxes...
D, [2014-07-17T20:02:07.039733 #2376] DEBUG -- : loading mailboxes...
D, [2014-07-17T20:03:00.041397 #2384] DEBUG -- : loading mailboxes...
D, [2014-07-17T20:03:30.358071 #2433] DEBUG -- : RUBY0001 OK marslo.jiao@gmail.com Marslo Jiao authenticated (Success)

D, [2014-07-17T20:03:30.358251 #2433] DEBUG -- : loading mailboxes...
D, [2014-07-17T20:03:30.964783 #2433] DEBUG -- : Loaded mailboxes: ["INBOX", "[Gmail]/All Mail", "[Gmail]/Bin", "[Gmail]/Drafts", "[Gmail]/Important", "[Gmail]/Sent Mail", "[Gmail]/Spam", "[Gmail]/Starred"]
D, [2014-07-17T20:03:30.965048 #2433] DEBUG -- : Setting aliases to {"sent"=>"[Gmail]/Sent Mail", "all"=>"[Gmail]/All Mail", "starred"=>"[Gmail]/Starred", "important"=>"[Gmail]/Important", "drafts"=>"[Gmail]/Drafts", "spam"=>"[Gmail]/Spam"}
D, [2014-07-17T20:03:30.969565 #2433] DEBUG -- : Selecting mailbox "INBOX"
D, [2014-07-17T20:03:31.742380 #2433] DEBUG -- : RUBY0003 OK [READ-WRITE] INBOX selected. (Success)

D, [2014-07-17T20:03:31.742747 #2433] DEBUG -- : Done
D, [2014-07-17T20:03:31.756472 #2433] DEBUG -- : Getting mailbox status
D, [2014-07-17T20:03:31.756606 #2433] DEBUG -- : Getting highest message id
D, [2014-07-17T20:03:32.366686 #2433] DEBUG -- : Highest seqno: 387
D, [2014-07-17T20:03:32.624736 #2433] DEBUG -- : Setting window width to 106
D, [2014-07-17T20:03:32.679032 #2433] DEBUG -- : Selecting mailbox "INBOX"
D, [2014-07-17T20:03:33.333245 #2433] DEBUG -- : RUBY0005 OK [READ-WRITE] INBOX selected. (Success)

D, [2014-07-17T20:03:33.333535 #2433] DEBUG -- : Done
D, [2014-07-17T20:03:33.334317 #2433] DEBUG -- : Getting mailbox status
D, [2014-07-17T20:03:33.334402 #2433] DEBUG -- : Getting highest message id
D, [2014-07-17T20:03:33.945182 #2433] DEBUG -- : Highest seqno: 387
D, [2014-07-17T20:03:34.059636 #2433] DEBUG -- : #search: "all"
D, [2014-07-17T20:03:34.059854 #2433] DEBUG -- : Query: "288:387 all"
D, [2014-07-17T20:03:34.704798 #2433] DEBUG -- : - Query got 100 results; max seqno: 387
D, [2014-07-17T20:03:34.705013 #2433] DEBUG -- : Clearing cached message
D, [2014-07-17T20:03:34.705128 #2433] DEBUG -- : Fetching headers for 100 messages
D, [2014-07-17T20:06:09.668045 #2433] DEBUG -- : Priming connection
D, [2014-07-17T20:06:10.411509 #2433] DEBUG -- : from:Marslo <marslo.jiao@gmail.com>
D, [2014-07-17T20:06:10.411753 #2433] DEBUG -- : to:marslo.jiao@gmail.com
D, [2014-07-17T20:06:10.411853 #2433] DEBUG -- : subject:Testing mail send from vmail
D, [2014-07-17T20:06:10.412922 #2433] DEBUG -- : Delivering message with headers: ---
from: '"Marslo" <marslo.jiao@gmail.com>'
to: marslo.jiao@gmail.com
subject: Testing mail send from vmail

D, [2014-07-17T20:07:28.759863 #2433] DEBUG -- : Priming connection
D, [2014-07-17T20:07:29.495819 #2433] DEBUG -- : Checking for new messages
D, [2014-07-17T20:07:29.496038 #2433] DEBUG -- : Selecting mailbox "INBOX"
D, [2014-07-17T20:07:30.110248 #2433] DEBUG -- : RUBY0011 OK [READ-WRITE] INBOX selected. (Success)

D, [2014-07-17T20:07:30.111799 #2433] DEBUG -- : Done
D, [2014-07-17T20:07:30.112699 #2433] DEBUG -- : Getting mailbox status
D, [2014-07-17T20:07:30.112864 #2433] DEBUG -- : Getting highest message id
D, [2014-07-17T20:07:30.725310 #2433] DEBUG -- : Highest seqno: 387
D, [2014-07-17T20:07:30.728487 #2433] DEBUG -- : Search #update_query
D, [2014-07-17T20:07:31.374585 #2433] DEBUG -- : - got seqnos: [387]
D, [2014-07-17T20:07:31.375937 #2433] DEBUG -- : - getting seqnos > 387
D, [2014-07-17T20:07:31.376058 #2433] DEBUG -- : - setting max_seqno to 387
D, [2014-07-17T20:07:31.376129 #2433] DEBUG -- : - new uids found: []
D, [2014-07-17T20:07:40.133295 #2433] DEBUG -- : Show message: "<1022927081.3605187.1405490968105.JavaMail.app@ela4-app8376.prod>"
D, [2014-07-17T20:07:40.133750 #2433] DEBUG -- : - found message <1022927081.3605187.1405490968105.JavaMail.app@ela4-app8376.prod>
D, [2014-07-17T20:07:40.133824 #2433] DEBUG -- : - message has plaintext? false
D, [2014-07-17T20:07:40.133885 #2433] DEBUG -- : - full message cache miss
D, [2014-07-17T20:07:40.134260 #2433] DEBUG -- : - fetching message uid 948
D, [2014-07-17T20:07:41.192930 #2433] DEBUG -- : Showing message message_id: <1022927081.3605187.1405490968105.JavaMail.app@ela4-app8376.prod>
D, [2014-07-17T20:07:52.440291 #2433] DEBUG -- : Show message: "<WrPS_w0K2ix4Y_lKxPl2HQ@notifications.google.com>"
D, [2014-07-17T20:07:52.440750 #2433] DEBUG -- : - found message <WrPS_w0K2ix4Y_lKxPl2HQ@notifications.google.com>
D, [2014-07-17T20:07:52.440820 #2433] DEBUG -- : - message has plaintext? false
D, [2014-07-17T20:07:52.440878 #2433] DEBUG -- : - full message cache miss
D, [2014-07-17T20:07:52.441153 #2433] DEBUG -- : - fetching message uid 952
D, [2014-07-17T20:07:53.217065 #2433] DEBUG -- : Showing message message_id: <WrPS_w0K2ix4Y_lKxPl2HQ@notifications.google.com>
